<?xml version="1.0" encoding="UTF-8"?>
<!-- Generated by org.testng.reporters.JUnitReportReporter -->
<testsuite hostname="L-SJL-00535921" name="Sample.CopyOfTestNGExample" tests="1" failures="0" timestamp="1 May 2014 05:42:23 GMT" time="0.001" errors="0">
  <testcase name="testPrintMessage" time="0.001" classname="Sample.CopyOfTestNGExample"/>
</testsuite> <!-- Sample.CopyOfTestNGExample -->
