<?xml version="1.0" encoding="UTF-8"?>
<!-- Generated by org.testng.reporters.JUnitReportReporter -->
<testsuite hostname="L-SJC-00559692" name="test.TestCase" tests="1" failures="0" timestamp="11 Feb 2016 06:06:43 GMT" time="0.020" errors="0">
  <testcase name="test1" time="0.020" classname="test.TestCase"/>
</testsuite> <!-- test.TestCase -->
